Analysis & Elaboration report for Calculadora
Tue Mar  5 17:15:20 2024
Quartus Prime Version 22.1std.0 Build 915 10/25/2022 SC Lite Edition


---------------------
; Table of Contents ;
---------------------
  1. Legal Notice
  2. Analysis & Elaboration Summary
  3. Parallel Compilation
  4. Parameter Settings for User Entity Instance: Top-level Entity: |Calculator
  5. Parameter Settings for User Entity Instance: sumador:mysumador
  6. Parameter Settings for User Entity Instance: restador:myrestador
  7. Parameter Settings for User Entity Instance: restador:myrestador|inversor:inverter
  8. Parameter Settings for User Entity Instance: restador:myrestador|inversor:inverter|nand_d:loop[0].nand_inst
  9. Parameter Settings for User Entity Instance: restador:myrestador|inversor:inverter|nand_d:loop[1].nand_inst
 10. Parameter Settings for User Entity Instance: restador:myrestador|inversor:inverter|nand_d:loop[2].nand_inst
 11. Parameter Settings for User Entity Instance: restador:myrestador|inversor:inverter|nand_d:loop[3].nand_inst
 12. Parameter Settings for User Entity Instance: restador:myrestador|inversor:inverter|sumador:misumador
 13. Parameter Settings for User Entity Instance: restador:myrestador|sumador:sumador1
 14. Parameter Settings for User Entity Instance: restador:myrestador|inversor:inverter2
 15. Parameter Settings for User Entity Instance: restador:myrestador|inversor:inverter2|nand_d:loop[0].nand_inst
 16. Parameter Settings for User Entity Instance: restador:myrestador|inversor:inverter2|nand_d:loop[1].nand_inst
 17. Parameter Settings for User Entity Instance: restador:myrestador|inversor:inverter2|nand_d:loop[2].nand_inst
 18. Parameter Settings for User Entity Instance: restador:myrestador|inversor:inverter2|nand_d:loop[3].nand_inst
 19. Parameter Settings for User Entity Instance: restador:myrestador|inversor:inverter2|sumador:misumador
 20. Parameter Settings for User Entity Instance: multiplicador:mymultiplicador
 21. Parameter Settings for User Entity Instance: multiplicador:mymultiplicador|Multiplicador_1bit:loop[0].mimultiplicador
 22. Parameter Settings for User Entity Instance: multiplicador:mymultiplicador|sumador:loop[0].misumador
 23. Parameter Settings for User Entity Instance: multiplicador:mymultiplicador|Multiplicador_1bit:loop[1].mimultiplicador
 24. Parameter Settings for User Entity Instance: multiplicador:mymultiplicador|sumador:loop[1].misumador
 25. Parameter Settings for User Entity Instance: multiplicador:mymultiplicador|Multiplicador_1bit:loop[2].mimultiplicador
 26. Parameter Settings for User Entity Instance: multiplicador:mymultiplicador|sumador:loop[2].misumador
 27. Parameter Settings for User Entity Instance: multiplicador:mymultiplicador|Multiplicador_1bit:loop[3].mimultiplicador
 28. Parameter Settings for User Entity Instance: multiplicador:mymultiplicador|sumador:loop[3].misumador
 29. Parameter Settings for User Entity Instance: Divisor:mydivisor
 30. Parameter Settings for User Entity Instance: andoperation:myand
 31. Parameter Settings for User Entity Instance: oroperator:myor
 32. Parameter Settings for User Entity Instance: xoroperator:myxor
 33. Parameter Settings for User Entity Instance: shiftleft:myshiftl
 34. Parameter Settings for User Entity Instance: shiftright:myshiftr
 35. Analysis & Elaboration Settings
 36. Port Connectivity Checks: "multiplicador:mymultiplicador|sumador:loop[3].misumador"
 37. Port Connectivity Checks: "multiplicador:mymultiplicador|sumador:loop[2].misumador"
 38. Port Connectivity Checks: "multiplicador:mymultiplicador|sumador:loop[1].misumador"
 39. Port Connectivity Checks: "multiplicador:mymultiplicador|sumador:loop[0].misumador"
 40. Port Connectivity Checks: "multiplicador:mymultiplicador"
 41. Port Connectivity Checks: "restador:myrestador|inversor:inverter2"
 42. Port Connectivity Checks: "restador:myrestador|sumador:sumador1"
 43. Port Connectivity Checks: "restador:myrestador|inversor:inverter|sumador:misumador"
 44. Port Connectivity Checks: "restador:myrestador|inversor:inverter|nand_d:loop[3].nand_inst"
 45. Port Connectivity Checks: "restador:myrestador|inversor:inverter|nand_d:loop[2].nand_inst"
 46. Port Connectivity Checks: "restador:myrestador|inversor:inverter|nand_d:loop[1].nand_inst"
 47. Port Connectivity Checks: "restador:myrestador|inversor:inverter|nand_d:loop[0].nand_inst"
 48. Port Connectivity Checks: "restador:myrestador|inversor:inverter"
 49. Port Connectivity Checks: "restador:myrestador"
 50. Port Connectivity Checks: "sumador:mysumador"
 51. Analysis & Elaboration Messages



----------------
; Legal Notice ;
----------------
Copyright (C) 2022  Intel Corporation. All rights reserved.
Your use of Intel Corporation's design tools, logic functions 
and other software and tools, and any partner logic 
functions, and any output files from any of the foregoing 
(including device programming or simulation files), and any 
associated documentation or information are expressly subject 
to the terms and conditions of the Intel Program License 
Subscription Agreement, the Intel Quartus Prime License Agreement,
the Intel FPGA IP License Agreement, or other applicable license
agreement, including, without limitation, that your use is for
the sole purpose of programming logic devices manufactured by
Intel and sold by Intel or its authorized distributors.  Please
refer to the applicable agreement for further details, at
https://fpgasoftware.intel.com/eula.



+--------------------------------------------------------------------------------+
; Analysis & Elaboration Summary                                                 ;
+-------------------------------+------------------------------------------------+
; Analysis & Elaboration Status ; Successful - Tue Mar  5 17:15:20 2024          ;
; Quartus Prime Version         ; 22.1std.0 Build 915 10/25/2022 SC Lite Edition ;
; Revision Name                 ; Calculadora                                    ;
; Top-level Entity Name         ; Calculator                                     ;
; Family                        ; Cyclone V                                      ;
; Logic utilization (in ALMs)   ; N/A until Partition Merge                      ;
; Total registers               ; N/A until Partition Merge                      ;
; Total pins                    ; N/A until Partition Merge                      ;
; Total virtual pins            ; N/A until Partition Merge                      ;
; Total block memory bits       ; N/A until Partition Merge                      ;
; Total PLLs                    ; N/A until Partition Merge                      ;
; Total DLLs                    ; N/A until Partition Merge                      ;
+-------------------------------+------------------------------------------------+


+------------------------------------------+
; Parallel Compilation                     ;
+----------------------------+-------------+
; Processors                 ; Number      ;
+----------------------------+-------------+
; Number detected on machine ; 4           ;
; Maximum allowed            ; 4           ;
;                            ;             ;
; Average used               ; 1.00        ;
; Maximum used               ; 1           ;
;                            ;             ;
; Usage by Processor         ; % Time Used ;
;     Processor 1            ; 100.0%      ;
+----------------------------+-------------+


+----------------------------------------------------------------------------+
; Parameter Settings for User Entity Instance: Top-level Entity: |Calculator ;
+----------------+-------+---------------------------------------------------+
; Parameter Name ; Value ; Type                                              ;
+----------------+-------+---------------------------------------------------+
; N              ; 4     ; Signed Integer                                    ;
+----------------+-------+---------------------------------------------------+
Note: In order to hide this table in the UI and the text report file, please set the "Show Parameter Settings in Synthesis Report" option in "Analysis and Synthesis Settings -> More Settings" to "Off".


+----------------------------------------------------------------+
; Parameter Settings for User Entity Instance: sumador:mysumador ;
+----------------+-------+---------------------------------------+
; Parameter Name ; Value ; Type                                  ;
+----------------+-------+---------------------------------------+
; BITS           ; 4     ; Signed Integer                        ;
+----------------+-------+---------------------------------------+
Note: In order to hide this table in the UI and the text report file, please set the "Show Parameter Settings in Synthesis Report" option in "Analysis and Synthesis Settings -> More Settings" to "Off".


+------------------------------------------------------------------+
; Parameter Settings for User Entity Instance: restador:myrestador ;
+----------------+-------+-----------------------------------------+
; Parameter Name ; Value ; Type                                    ;
+----------------+-------+-----------------------------------------+
; BITS           ; 4     ; Signed Integer                          ;
+----------------+-------+-----------------------------------------+
Note: In order to hide this table in the UI and the text report file, please set the "Show Parameter Settings in Synthesis Report" option in "Analysis and Synthesis Settings -> More Settings" to "Off".


+------------------------------------------------------------------------------------+
; Parameter Settings for User Entity Instance: restador:myrestador|inversor:inverter ;
+----------------+-------+-----------------------------------------------------------+
; Parameter Name ; Value ; Type                                                      ;
+----------------+-------+-----------------------------------------------------------+
; N              ; 4     ; Signed Integer                                            ;
+----------------+-------+-----------------------------------------------------------+
Note: In order to hide this table in the UI and the text report file, please set the "Show Parameter Settings in Synthesis Report" option in "Analysis and Synthesis Settings -> More Settings" to "Off".


+-------------------------------------------------------------------------------------------------------------+
; Parameter Settings for User Entity Instance: restador:myrestador|inversor:inverter|nand_d:loop[0].nand_inst ;
+----------------+-------+------------------------------------------------------------------------------------+
; Parameter Name ; Value ; Type                                                                               ;
+----------------+-------+------------------------------------------------------------------------------------+
; WIDTH          ; 2     ; Signed Integer                                                                     ;
+----------------+-------+------------------------------------------------------------------------------------+
Note: In order to hide this table in the UI and the text report file, please set the "Show Parameter Settings in Synthesis Report" option in "Analysis and Synthesis Settings -> More Settings" to "Off".


+-------------------------------------------------------------------------------------------------------------+
; Parameter Settings for User Entity Instance: restador:myrestador|inversor:inverter|nand_d:loop[1].nand_inst ;
+----------------+-------+------------------------------------------------------------------------------------+
; Parameter Name ; Value ; Type                                                                               ;
+----------------+-------+------------------------------------------------------------------------------------+
; WIDTH          ; 2     ; Signed Integer                                                                     ;
+----------------+-------+------------------------------------------------------------------------------------+
Note: In order to hide this table in the UI and the text report file, please set the "Show Parameter Settings in Synthesis Report" option in "Analysis and Synthesis Settings -> More Settings" to "Off".


+-------------------------------------------------------------------------------------------------------------+
; Parameter Settings for User Entity Instance: restador:myrestador|inversor:inverter|nand_d:loop[2].nand_inst ;
+----------------+-------+------------------------------------------------------------------------------------+
; Parameter Name ; Value ; Type                                                                               ;
+----------------+-------+------------------------------------------------------------------------------------+
; WIDTH          ; 2     ; Signed Integer                                                                     ;
+----------------+-------+------------------------------------------------------------------------------------+
Note: In order to hide this table in the UI and the text report file, please set the "Show Parameter Settings in Synthesis Report" option in "Analysis and Synthesis Settings -> More Settings" to "Off".


+-------------------------------------------------------------------------------------------------------------+
; Parameter Settings for User Entity Instance: restador:myrestador|inversor:inverter|nand_d:loop[3].nand_inst ;
+----------------+-------+------------------------------------------------------------------------------------+
; Parameter Name ; Value ; Type                                                                               ;
+----------------+-------+------------------------------------------------------------------------------------+
; WIDTH          ; 2     ; Signed Integer                                                                     ;
+----------------+-------+------------------------------------------------------------------------------------+
Note: In order to hide this table in the UI and the text report file, please set the "Show Parameter Settings in Synthesis Report" option in "Analysis and Synthesis Settings -> More Settings" to "Off".


+------------------------------------------------------------------------------------------------------+
; Parameter Settings for User Entity Instance: restador:myrestador|inversor:inverter|sumador:misumador ;
+----------------+-------+-----------------------------------------------------------------------------+
; Parameter Name ; Value ; Type                                                                        ;
+----------------+-------+-----------------------------------------------------------------------------+
; BITS           ; 4     ; Signed Integer                                                              ;
+----------------+-------+-----------------------------------------------------------------------------+
Note: In order to hide this table in the UI and the text report file, please set the "Show Parameter Settings in Synthesis Report" option in "Analysis and Synthesis Settings -> More Settings" to "Off".


+-----------------------------------------------------------------------------------+
; Parameter Settings for User Entity Instance: restador:myrestador|sumador:sumador1 ;
+----------------+-------+----------------------------------------------------------+
; Parameter Name ; Value ; Type                                                     ;
+----------------+-------+----------------------------------------------------------+
; BITS           ; 4     ; Signed Integer                                           ;
+----------------+-------+----------------------------------------------------------+
Note: In order to hide this table in the UI and the text report file, please set the "Show Parameter Settings in Synthesis Report" option in "Analysis and Synthesis Settings -> More Settings" to "Off".


+-------------------------------------------------------------------------------------+
; Parameter Settings for User Entity Instance: restador:myrestador|inversor:inverter2 ;
+----------------+-------+------------------------------------------------------------+
; Parameter Name ; Value ; Type                                                       ;
+----------------+-------+------------------------------------------------------------+
; N              ; 4     ; Signed Integer                                             ;
+----------------+-------+------------------------------------------------------------+
Note: In order to hide this table in the UI and the text report file, please set the "Show Parameter Settings in Synthesis Report" option in "Analysis and Synthesis Settings -> More Settings" to "Off".


+--------------------------------------------------------------------------------------------------------------+
; Parameter Settings for User Entity Instance: restador:myrestador|inversor:inverter2|nand_d:loop[0].nand_inst ;
+----------------+-------+-------------------------------------------------------------------------------------+
; Parameter Name ; Value ; Type                                                                                ;
+----------------+-------+-------------------------------------------------------------------------------------+
; WIDTH          ; 2     ; Signed Integer                                                                      ;
+----------------+-------+-------------------------------------------------------------------------------------+
Note: In order to hide this table in the UI and the text report file, please set the "Show Parameter Settings in Synthesis Report" option in "Analysis and Synthesis Settings -> More Settings" to "Off".


+--------------------------------------------------------------------------------------------------------------+
; Parameter Settings for User Entity Instance: restador:myrestador|inversor:inverter2|nand_d:loop[1].nand_inst ;
+----------------+-------+-------------------------------------------------------------------------------------+
; Parameter Name ; Value ; Type                                                                                ;
+----------------+-------+-------------------------------------------------------------------------------------+
; WIDTH          ; 2     ; Signed Integer                                                                      ;
+----------------+-------+-------------------------------------------------------------------------------------+
Note: In order to hide this table in the UI and the text report file, please set the "Show Parameter Settings in Synthesis Report" option in "Analysis and Synthesis Settings -> More Settings" to "Off".


+--------------------------------------------------------------------------------------------------------------+
; Parameter Settings for User Entity Instance: restador:myrestador|inversor:inverter2|nand_d:loop[2].nand_inst ;
+----------------+-------+-------------------------------------------------------------------------------------+
; Parameter Name ; Value ; Type                                                                                ;
+----------------+-------+-------------------------------------------------------------------------------------+
; WIDTH          ; 2     ; Signed Integer                                                                      ;
+----------------+-------+-------------------------------------------------------------------------------------+
Note: In order to hide this table in the UI and the text report file, please set the "Show Parameter Settings in Synthesis Report" option in "Analysis and Synthesis Settings -> More Settings" to "Off".


+--------------------------------------------------------------------------------------------------------------+
; Parameter Settings for User Entity Instance: restador:myrestador|inversor:inverter2|nand_d:loop[3].nand_inst ;
+----------------+-------+-------------------------------------------------------------------------------------+
; Parameter Name ; Value ; Type                                                                                ;
+----------------+-------+-------------------------------------------------------------------------------------+
; WIDTH          ; 2     ; Signed Integer                                                                      ;
+----------------+-------+-------------------------------------------------------------------------------------+
Note: In order to hide this table in the UI and the text report file, please set the "Show Parameter Settings in Synthesis Report" option in "Analysis and Synthesis Settings -> More Settings" to "Off".


+-------------------------------------------------------------------------------------------------------+
; Parameter Settings for User Entity Instance: restador:myrestador|inversor:inverter2|sumador:misumador ;
+----------------+-------+------------------------------------------------------------------------------+
; Parameter Name ; Value ; Type                                                                         ;
+----------------+-------+------------------------------------------------------------------------------+
; BITS           ; 4     ; Signed Integer                                                               ;
+----------------+-------+------------------------------------------------------------------------------+
Note: In order to hide this table in the UI and the text report file, please set the "Show Parameter Settings in Synthesis Report" option in "Analysis and Synthesis Settings -> More Settings" to "Off".


+----------------------------------------------------------------------------+
; Parameter Settings for User Entity Instance: multiplicador:mymultiplicador ;
+----------------+-------+---------------------------------------------------+
; Parameter Name ; Value ; Type                                              ;
+----------------+-------+---------------------------------------------------+
; BIT            ; 4     ; Signed Integer                                    ;
+----------------+-------+---------------------------------------------------+
Note: In order to hide this table in the UI and the text report file, please set the "Show Parameter Settings in Synthesis Report" option in "Analysis and Synthesis Settings -> More Settings" to "Off".


+-----------------------------------------------------------------------------------------------------------------------+
; Parameter Settings for User Entity Instance: multiplicador:mymultiplicador|Multiplicador_1bit:loop[0].mimultiplicador ;
+----------------+-------+----------------------------------------------------------------------------------------------+
; Parameter Name ; Value ; Type                                                                                         ;
+----------------+-------+----------------------------------------------------------------------------------------------+
; SHIFT          ; 0     ; Signed Integer                                                                               ;
; TAMANO         ; 4     ; Signed Integer                                                                               ;
+----------------+-------+----------------------------------------------------------------------------------------------+
Note: In order to hide this table in the UI and the text report file, please set the "Show Parameter Settings in Synthesis Report" option in "Analysis and Synthesis Settings -> More Settings" to "Off".


+------------------------------------------------------------------------------------------------------+
; Parameter Settings for User Entity Instance: multiplicador:mymultiplicador|sumador:loop[0].misumador ;
+----------------+-------+-----------------------------------------------------------------------------+
; Parameter Name ; Value ; Type                                                                        ;
+----------------+-------+-----------------------------------------------------------------------------+
; BITS           ; 7     ; Signed Integer                                                              ;
+----------------+-------+-----------------------------------------------------------------------------+
Note: In order to hide this table in the UI and the text report file, please set the "Show Parameter Settings in Synthesis Report" option in "Analysis and Synthesis Settings -> More Settings" to "Off".


+-----------------------------------------------------------------------------------------------------------------------+
; Parameter Settings for User Entity Instance: multiplicador:mymultiplicador|Multiplicador_1bit:loop[1].mimultiplicador ;
+----------------+-------+----------------------------------------------------------------------------------------------+
; Parameter Name ; Value ; Type                                                                                         ;
+----------------+-------+----------------------------------------------------------------------------------------------+
; SHIFT          ; 1     ; Signed Integer                                                                               ;
; TAMANO         ; 4     ; Signed Integer                                                                               ;
+----------------+-------+----------------------------------------------------------------------------------------------+
Note: In order to hide this table in the UI and the text report file, please set the "Show Parameter Settings in Synthesis Report" option in "Analysis and Synthesis Settings -> More Settings" to "Off".


+------------------------------------------------------------------------------------------------------+
; Parameter Settings for User Entity Instance: multiplicador:mymultiplicador|sumador:loop[1].misumador ;
+----------------+-------+-----------------------------------------------------------------------------+
; Parameter Name ; Value ; Type                                                                        ;
+----------------+-------+-----------------------------------------------------------------------------+
; BITS           ; 7     ; Signed Integer                                                              ;
+----------------+-------+-----------------------------------------------------------------------------+
Note: In order to hide this table in the UI and the text report file, please set the "Show Parameter Settings in Synthesis Report" option in "Analysis and Synthesis Settings -> More Settings" to "Off".


+-----------------------------------------------------------------------------------------------------------------------+
; Parameter Settings for User Entity Instance: multiplicador:mymultiplicador|Multiplicador_1bit:loop[2].mimultiplicador ;
+----------------+-------+----------------------------------------------------------------------------------------------+
; Parameter Name ; Value ; Type                                                                                         ;
+----------------+-------+----------------------------------------------------------------------------------------------+
; SHIFT          ; 2     ; Signed Integer                                                                               ;
; TAMANO         ; 4     ; Signed Integer                                                                               ;
+----------------+-------+----------------------------------------------------------------------------------------------+
Note: In order to hide this table in the UI and the text report file, please set the "Show Parameter Settings in Synthesis Report" option in "Analysis and Synthesis Settings -> More Settings" to "Off".


+------------------------------------------------------------------------------------------------------+
; Parameter Settings for User Entity Instance: multiplicador:mymultiplicador|sumador:loop[2].misumador ;
+----------------+-------+-----------------------------------------------------------------------------+
; Parameter Name ; Value ; Type                                                                        ;
+----------------+-------+-----------------------------------------------------------------------------+
; BITS           ; 7     ; Signed Integer                                                              ;
+----------------+-------+-----------------------------------------------------------------------------+
Note: In order to hide this table in the UI and the text report file, please set the "Show Parameter Settings in Synthesis Report" option in "Analysis and Synthesis Settings -> More Settings" to "Off".


+-----------------------------------------------------------------------------------------------------------------------+
; Parameter Settings for User Entity Instance: multiplicador:mymultiplicador|Multiplicador_1bit:loop[3].mimultiplicador ;
+----------------+-------+----------------------------------------------------------------------------------------------+
; Parameter Name ; Value ; Type                                                                                         ;
+----------------+-------+----------------------------------------------------------------------------------------------+
; SHIFT          ; 3     ; Signed Integer                                                                               ;
; TAMANO         ; 4     ; Signed Integer                                                                               ;
+----------------+-------+----------------------------------------------------------------------------------------------+
Note: In order to hide this table in the UI and the text report file, please set the "Show Parameter Settings in Synthesis Report" option in "Analysis and Synthesis Settings -> More Settings" to "Off".


+------------------------------------------------------------------------------------------------------+
; Parameter Settings for User Entity Instance: multiplicador:mymultiplicador|sumador:loop[3].misumador ;
+----------------+-------+-----------------------------------------------------------------------------+
; Parameter Name ; Value ; Type                                                                        ;
+----------------+-------+-----------------------------------------------------------------------------+
; BITS           ; 7     ; Signed Integer                                                              ;
+----------------+-------+-----------------------------------------------------------------------------+
Note: In order to hide this table in the UI and the text report file, please set the "Show Parameter Settings in Synthesis Report" option in "Analysis and Synthesis Settings -> More Settings" to "Off".


+----------------------------------------------------------------+
; Parameter Settings for User Entity Instance: Divisor:mydivisor ;
+----------------+-------+---------------------------------------+
; Parameter Name ; Value ; Type                                  ;
+----------------+-------+---------------------------------------+
; Nbits          ; 4     ; Signed Integer                        ;
+----------------+-------+---------------------------------------+
Note: In order to hide this table in the UI and the text report file, please set the "Show Parameter Settings in Synthesis Report" option in "Analysis and Synthesis Settings -> More Settings" to "Off".


+-----------------------------------------------------------------+
; Parameter Settings for User Entity Instance: andoperation:myand ;
+----------------+-------+----------------------------------------+
; Parameter Name ; Value ; Type                                   ;
+----------------+-------+----------------------------------------+
; N              ; 4     ; Signed Integer                         ;
+----------------+-------+----------------------------------------+
Note: In order to hide this table in the UI and the text report file, please set the "Show Parameter Settings in Synthesis Report" option in "Analysis and Synthesis Settings -> More Settings" to "Off".


+--------------------------------------------------------------+
; Parameter Settings for User Entity Instance: oroperator:myor ;
+----------------+-------+-------------------------------------+
; Parameter Name ; Value ; Type                                ;
+----------------+-------+-------------------------------------+
; N              ; 4     ; Signed Integer                      ;
+----------------+-------+-------------------------------------+
Note: In order to hide this table in the UI and the text report file, please set the "Show Parameter Settings in Synthesis Report" option in "Analysis and Synthesis Settings -> More Settings" to "Off".


+----------------------------------------------------------------+
; Parameter Settings for User Entity Instance: xoroperator:myxor ;
+----------------+-------+---------------------------------------+
; Parameter Name ; Value ; Type                                  ;
+----------------+-------+---------------------------------------+
; N              ; 4     ; Signed Integer                        ;
+----------------+-------+---------------------------------------+
Note: In order to hide this table in the UI and the text report file, please set the "Show Parameter Settings in Synthesis Report" option in "Analysis and Synthesis Settings -> More Settings" to "Off".


+-----------------------------------------------------------------+
; Parameter Settings for User Entity Instance: shiftleft:myshiftl ;
+----------------+-------+----------------------------------------+
; Parameter Name ; Value ; Type                                   ;
+----------------+-------+----------------------------------------+
; N              ; 4     ; Signed Integer                         ;
+----------------+-------+----------------------------------------+
Note: In order to hide this table in the UI and the text report file, please set the "Show Parameter Settings in Synthesis Report" option in "Analysis and Synthesis Settings -> More Settings" to "Off".


+------------------------------------------------------------------+
; Parameter Settings for User Entity Instance: shiftright:myshiftr ;
+----------------+-------+-----------------------------------------+
; Parameter Name ; Value ; Type                                    ;
+----------------+-------+-----------------------------------------+
; N              ; 4     ; Signed Integer                          ;
+----------------+-------+-----------------------------------------+
Note: In order to hide this table in the UI and the text report file, please set the "Show Parameter Settings in Synthesis Report" option in "Analysis and Synthesis Settings -> More Settings" to "Off".


+---------------------------------------------------------------------------------------------------------------------------+
; Analysis & Elaboration Settings                                                                                           ;
+---------------------------------------------------------------------------------+--------------------+--------------------+
; Option                                                                          ; Setting            ; Default Value      ;
+---------------------------------------------------------------------------------+--------------------+--------------------+
; Device                                                                          ; 5CSEMA5F31C6       ;                    ;
; Top-level entity name                                                           ; Calculator         ; Calculadora        ;
; Family name                                                                     ; Cyclone V          ; Cyclone V          ;
; Use smart compilation                                                           ; Off                ; Off                ;
; Enable parallel Assembler and Timing Analyzer during compilation                ; On                 ; On                 ;
; Enable compact report table                                                     ; Off                ; Off                ;
; Restructure Multiplexers                                                        ; Auto               ; Auto               ;
; MLAB Add Timing Constraints For Mixed-Port Feed-Through Mode Setting Don't Care ; Off                ; Off                ;
; Create Debugging Nodes for IP Cores                                             ; Off                ; Off                ;
; Preserve fewer node names                                                       ; On                 ; On                 ;
; Intel FPGA IP Evaluation Mode                                                   ; Enable             ; Enable             ;
; Verilog Version                                                                 ; Verilog_2001       ; Verilog_2001       ;
; VHDL Version                                                                    ; VHDL_1993          ; VHDL_1993          ;
; State Machine Processing                                                        ; Auto               ; Auto               ;
; Safe State Machine                                                              ; Off                ; Off                ;
; Extract Verilog State Machines                                                  ; On                 ; On                 ;
; Extract VHDL State Machines                                                     ; On                 ; On                 ;
; Ignore Verilog initial constructs                                               ; Off                ; Off                ;
; Iteration limit for constant Verilog loops                                      ; 5000               ; 5000               ;
; Iteration limit for non-constant Verilog loops                                  ; 250                ; 250                ;
; Add Pass-Through Logic to Inferred RAMs                                         ; On                 ; On                 ;
; Infer RAMs from Raw Logic                                                       ; On                 ; On                 ;
; Parallel Synthesis                                                              ; On                 ; On                 ;
; DSP Block Balancing                                                             ; Auto               ; Auto               ;
; NOT Gate Push-Back                                                              ; On                 ; On                 ;
; Power-Up Don't Care                                                             ; On                 ; On                 ;
; Remove Redundant Logic Cells                                                    ; Off                ; Off                ;
; Remove Duplicate Registers                                                      ; On                 ; On                 ;
; Ignore CARRY Buffers                                                            ; Off                ; Off                ;
; Ignore CASCADE Buffers                                                          ; Off                ; Off                ;
; Ignore GLOBAL Buffers                                                           ; Off                ; Off                ;
; Ignore ROW GLOBAL Buffers                                                       ; Off                ; Off                ;
; Ignore LCELL Buffers                                                            ; Off                ; Off                ;
; Ignore SOFT Buffers                                                             ; On                 ; On                 ;
; Limit AHDL Integers to 32 Bits                                                  ; Off                ; Off                ;
; Optimization Technique                                                          ; Balanced           ; Balanced           ;
; Carry Chain Length                                                              ; 70                 ; 70                 ;
; Auto Carry Chains                                                               ; On                 ; On                 ;
; Auto Open-Drain Pins                                                            ; On                 ; On                 ;
; Perform WYSIWYG Primitive Resynthesis                                           ; Off                ; Off                ;
; Auto ROM Replacement                                                            ; On                 ; On                 ;
; Auto RAM Replacement                                                            ; On                 ; On                 ;
; Auto DSP Block Replacement                                                      ; On                 ; On                 ;
; Auto Shift Register Replacement                                                 ; Auto               ; Auto               ;
; Allow Shift Register Merging across Hierarchies                                 ; Auto               ; Auto               ;
; Auto Clock Enable Replacement                                                   ; On                 ; On                 ;
; Strict RAM Replacement                                                          ; Off                ; Off                ;
; Allow Synchronous Control Signals                                               ; On                 ; On                 ;
; Force Use of Synchronous Clear Signals                                          ; Off                ; Off                ;
; Auto Resource Sharing                                                           ; Off                ; Off                ;
; Allow Any RAM Size For Recognition                                              ; Off                ; Off                ;
; Allow Any ROM Size For Recognition                                              ; Off                ; Off                ;
; Allow Any Shift Register Size For Recognition                                   ; Off                ; Off                ;
; Use LogicLock Constraints during Resource Balancing                             ; On                 ; On                 ;
; Ignore translate_off and synthesis_off directives                               ; Off                ; Off                ;
; Timing-Driven Synthesis                                                         ; On                 ; On                 ;
; Report Parameter Settings                                                       ; On                 ; On                 ;
; Report Source Assignments                                                       ; On                 ; On                 ;
; Report Connectivity Checks                                                      ; On                 ; On                 ;
; Ignore Maximum Fan-Out Assignments                                              ; Off                ; Off                ;
; Synchronization Register Chain Length                                           ; 3                  ; 3                  ;
; Power Optimization During Synthesis                                             ; Normal compilation ; Normal compilation ;
; HDL message level                                                               ; Level2             ; Level2             ;
; Suppress Register Optimization Related Messages                                 ; Off                ; Off                ;
; Number of Removed Registers Reported in Synthesis Report                        ; 5000               ; 5000               ;
; Number of Swept Nodes Reported in Synthesis Report                              ; 5000               ; 5000               ;
; Number of Inverted Registers Reported in Synthesis Report                       ; 100                ; 100                ;
; Clock MUX Protection                                                            ; On                 ; On                 ;
; Auto Gated Clock Conversion                                                     ; Off                ; Off                ;
; Block Design Naming                                                             ; Auto               ; Auto               ;
; SDC constraint protection                                                       ; Off                ; Off                ;
; Synthesis Effort                                                                ; Auto               ; Auto               ;
; Shift Register Replacement - Allow Asynchronous Clear Signal                    ; On                 ; On                 ;
; Pre-Mapping Resynthesis Optimization                                            ; Off                ; Off                ;
; Analysis & Synthesis Message Level                                              ; Medium             ; Medium             ;
; Disable Register Merging Across Hierarchies                                     ; Auto               ; Auto               ;
; Resource Aware Inference For Block RAM                                          ; On                 ; On                 ;
; Automatic Parallel Synthesis                                                    ; On                 ; On                 ;
; Partial Reconfiguration Bitstream ID                                            ; Off                ; Off                ;
+---------------------------------------------------------------------------------+--------------------+--------------------+


+------------------------------------------------------------------------------------------------------------------------------------------------------------------------+
; Port Connectivity Checks: "multiplicador:mymultiplicador|sumador:loop[3].misumador"                                                                                    ;
+------+--------+----------+---------------------------------------------------------------------------------------------------------------------------------------------+
; Port ; Type   ; Severity ; Details                                                                                                                                     ;
+------+--------+----------+---------------------------------------------------------------------------------------------------------------------------------------------+
; Cin  ; Input  ; Warning  ; Input port expression (1 bits) is smaller than the input port (7 bits) it drives.  Extra input bit(s) "Cin[6..1]" will be connected to GND. ;
; Cout ; Output ; Info     ; Connected to dangling logic. Logic that only feeds a dangling port will be removed.                                                         ;
+------+--------+----------+---------------------------------------------------------------------------------------------------------------------------------------------+


+-----------------------------------------------------------------------------------------------------------------------------------------------------------------------+
; Port Connectivity Checks: "multiplicador:mymultiplicador|sumador:loop[2].misumador"                                                                                   ;
+------+-------+----------+---------------------------------------------------------------------------------------------------------------------------------------------+
; Port ; Type  ; Severity ; Details                                                                                                                                     ;
+------+-------+----------+---------------------------------------------------------------------------------------------------------------------------------------------+
; Cin  ; Input ; Warning  ; Input port expression (1 bits) is smaller than the input port (7 bits) it drives.  Extra input bit(s) "Cin[6..1]" will be connected to GND. ;
+------+-------+----------+---------------------------------------------------------------------------------------------------------------------------------------------+


+-----------------------------------------------------------------------------------------------------------------------------------------------------------------------+
; Port Connectivity Checks: "multiplicador:mymultiplicador|sumador:loop[1].misumador"                                                                                   ;
+------+-------+----------+---------------------------------------------------------------------------------------------------------------------------------------------+
; Port ; Type  ; Severity ; Details                                                                                                                                     ;
+------+-------+----------+---------------------------------------------------------------------------------------------------------------------------------------------+
; Cin  ; Input ; Warning  ; Input port expression (1 bits) is smaller than the input port (7 bits) it drives.  Extra input bit(s) "Cin[6..1]" will be connected to GND. ;
+------+-------+----------+---------------------------------------------------------------------------------------------------------------------------------------------+


+-----------------------------------------------------------------------------------------------------------------------------------------------------------------------+
; Port Connectivity Checks: "multiplicador:mymultiplicador|sumador:loop[0].misumador"                                                                                   ;
+------+-------+----------+---------------------------------------------------------------------------------------------------------------------------------------------+
; Port ; Type  ; Severity ; Details                                                                                                                                     ;
+------+-------+----------+---------------------------------------------------------------------------------------------------------------------------------------------+
; num2 ; Input ; Info     ; Stuck at GND                                                                                                                                ;
; Cin  ; Input ; Warning  ; Input port expression (1 bits) is smaller than the input port (7 bits) it drives.  Extra input bit(s) "Cin[6..1]" will be connected to GND. ;
; Cin  ; Input ; Info     ; Stuck at GND                                                                                                                                ;
+------+-------+----------+---------------------------------------------------------------------------------------------------------------------------------------------+


+-----------------------------------------------------------------------------------------------------------------+
; Port Connectivity Checks: "multiplicador:mymultiplicador"                                                       ;
+-------+--------+----------+-------------------------------------------------------------------------------------+
; Port  ; Type   ; Severity ; Details                                                                             ;
+-------+--------+----------+-------------------------------------------------------------------------------------+
; OFLOW ; Output ; Info     ; Connected to dangling logic. Logic that only feeds a dangling port will be removed. ;
+-------+--------+----------+-------------------------------------------------------------------------------------+


+---------------------------------------------------------------------------------------------------------------------------------------------------+
; Port Connectivity Checks: "restador:myrestador|inversor:inverter2"                                                                                ;
+------+--------+----------+------------------------------------------------------------------------------------------------------------------------+
; Port ; Type   ; Severity ; Details                                                                                                                ;
+------+--------+----------+------------------------------------------------------------------------------------------------------------------------+
; out  ; Output ; Warning  ; Output or bidir port (5 bits) is wider than the port expression (4 bits) it drives; bit(s) "out[4..4]" have no fanouts ;
+------+--------+----------+------------------------------------------------------------------------------------------------------------------------+


+-------------------------------------------------------------------------------------------------------------------------------------------------------------------------------------------------------------------+
; Port Connectivity Checks: "restador:myrestador|sumador:sumador1"                                                                                                                                                  ;
+-----------+-------+----------+------------------------------------------------------------------------------------------------------------------------------------------------------------------------------------+
; Port      ; Type  ; Severity ; Details                                                                                                                                                                            ;
+-----------+-------+----------+------------------------------------------------------------------------------------------------------------------------------------------------------------------------------------+
; Cin       ; Input ; Warning  ; Input port expression (32 bits) is wider than the input port (4 bits) it drives.  The 28 most-significant bit(s) in the expression will be dangling if they have no other fanouts. ;
; Cin[3..0] ; Input ; Info     ; Stuck at GND                                                                                                                                                                       ;
+-----------+-------+----------+------------------------------------------------------------------------------------------------------------------------------------------------------------------------------------+


+---------------------------------------------------------------------------------------------------------------------------------------------------------------------------------------------------------------------+
; Port Connectivity Checks: "restador:myrestador|inversor:inverter|sumador:misumador"                                                                                                                                 ;
+------------+--------+----------+------------------------------------------------------------------------------------------------------------------------------------------------------------------------------------+
; Port       ; Type   ; Severity ; Details                                                                                                                                                                            ;
+------------+--------+----------+------------------------------------------------------------------------------------------------------------------------------------------------------------------------------------+
; num2[3..1] ; Input  ; Info     ; Stuck at GND                                                                                                                                                                       ;
; num2[0]    ; Input  ; Info     ; Stuck at VCC                                                                                                                                                                       ;
; Cin        ; Input  ; Warning  ; Input port expression (32 bits) is wider than the input port (4 bits) it drives.  The 28 most-significant bit(s) in the expression will be dangling if they have no other fanouts. ;
; Cin[3..0]  ; Input  ; Info     ; Stuck at GND                                                                                                                                                                       ;
; Cout       ; Output ; Info     ; Connected to dangling logic. Logic that only feeds a dangling port will be removed.                                                                                                ;
+------------+--------+----------+------------------------------------------------------------------------------------------------------------------------------------------------------------------------------------+


+----------------------------------------------------------------------------------------------------------------------------------------------------------------------+
; Port Connectivity Checks: "restador:myrestador|inversor:inverter|nand_d:loop[3].nand_inst"                                                                           ;
+------+--------+----------+-------------------------------------------------------------------------------------------------------------------------------------------+
; Port ; Type   ; Severity ; Details                                                                                                                                   ;
+------+--------+----------+-------------------------------------------------------------------------------------------------------------------------------------------+
; a    ; Input  ; Warning  ; Input port expression (1 bits) is smaller than the input port (2 bits) it drives.  Extra input bit(s) "a[1..1]" will be connected to GND. ;
; b    ; Input  ; Warning  ; Input port expression (1 bits) is smaller than the input port (2 bits) it drives.  Extra input bit(s) "b[1..1]" will be connected to GND. ;
; b    ; Input  ; Info     ; Stuck at VCC                                                                                                                              ;
; y    ; Output ; Warning  ; Output or bidir port (2 bits) is wider than the port expression (1 bits) it drives; bit(s) "y[1..1]" have no fanouts                      ;
+------+--------+----------+-------------------------------------------------------------------------------------------------------------------------------------------+


+----------------------------------------------------------------------------------------------------------------------------------------------------------------------+
; Port Connectivity Checks: "restador:myrestador|inversor:inverter|nand_d:loop[2].nand_inst"                                                                           ;
+------+--------+----------+-------------------------------------------------------------------------------------------------------------------------------------------+
; Port ; Type   ; Severity ; Details                                                                                                                                   ;
+------+--------+----------+-------------------------------------------------------------------------------------------------------------------------------------------+
; a    ; Input  ; Warning  ; Input port expression (1 bits) is smaller than the input port (2 bits) it drives.  Extra input bit(s) "a[1..1]" will be connected to GND. ;
; b    ; Input  ; Warning  ; Input port expression (1 bits) is smaller than the input port (2 bits) it drives.  Extra input bit(s) "b[1..1]" will be connected to GND. ;
; b    ; Input  ; Info     ; Stuck at VCC                                                                                                                              ;
; y    ; Output ; Warning  ; Output or bidir port (2 bits) is wider than the port expression (1 bits) it drives; bit(s) "y[1..1]" have no fanouts                      ;
+------+--------+----------+-------------------------------------------------------------------------------------------------------------------------------------------+


+----------------------------------------------------------------------------------------------------------------------------------------------------------------------+
; Port Connectivity Checks: "restador:myrestador|inversor:inverter|nand_d:loop[1].nand_inst"                                                                           ;
+------+--------+----------+-------------------------------------------------------------------------------------------------------------------------------------------+
; Port ; Type   ; Severity ; Details                                                                                                                                   ;
+------+--------+----------+-------------------------------------------------------------------------------------------------------------------------------------------+
; a    ; Input  ; Warning  ; Input port expression (1 bits) is smaller than the input port (2 bits) it drives.  Extra input bit(s) "a[1..1]" will be connected to GND. ;
; b    ; Input  ; Warning  ; Input port expression (1 bits) is smaller than the input port (2 bits) it drives.  Extra input bit(s) "b[1..1]" will be connected to GND. ;
; b    ; Input  ; Info     ; Stuck at VCC                                                                                                                              ;
; y    ; Output ; Warning  ; Output or bidir port (2 bits) is wider than the port expression (1 bits) it drives; bit(s) "y[1..1]" have no fanouts                      ;
+------+--------+----------+-------------------------------------------------------------------------------------------------------------------------------------------+


+----------------------------------------------------------------------------------------------------------------------------------------------------------------------+
; Port Connectivity Checks: "restador:myrestador|inversor:inverter|nand_d:loop[0].nand_inst"                                                                           ;
+------+--------+----------+-------------------------------------------------------------------------------------------------------------------------------------------+
; Port ; Type   ; Severity ; Details                                                                                                                                   ;
+------+--------+----------+-------------------------------------------------------------------------------------------------------------------------------------------+
; a    ; Input  ; Warning  ; Input port expression (1 bits) is smaller than the input port (2 bits) it drives.  Extra input bit(s) "a[1..1]" will be connected to GND. ;
; b    ; Input  ; Warning  ; Input port expression (1 bits) is smaller than the input port (2 bits) it drives.  Extra input bit(s) "b[1..1]" will be connected to GND. ;
; b    ; Input  ; Info     ; Stuck at VCC                                                                                                                              ;
; y    ; Output ; Warning  ; Output or bidir port (2 bits) is wider than the port expression (1 bits) it drives; bit(s) "y[1..1]" have no fanouts                      ;
+------+--------+----------+-------------------------------------------------------------------------------------------------------------------------------------------+


+---------------------------------------------------------------------------------------------------------------------------------------------------+
; Port Connectivity Checks: "restador:myrestador|inversor:inverter"                                                                                 ;
+------+--------+----------+------------------------------------------------------------------------------------------------------------------------+
; Port ; Type   ; Severity ; Details                                                                                                                ;
+------+--------+----------+------------------------------------------------------------------------------------------------------------------------+
; out  ; Output ; Warning  ; Output or bidir port (5 bits) is wider than the port expression (4 bits) it drives; bit(s) "out[4..4]" have no fanouts ;
+------+--------+----------+------------------------------------------------------------------------------------------------------------------------+


+-----------------------------------------------------------------------------------------------------------------------------------------+
; Port Connectivity Checks: "restador:myrestador"                                                                                         ;
+----------+--------+----------+----------------------------------------------------------------------------------------------------------+
; Port     ; Type   ; Severity ; Details                                                                                                  ;
+----------+--------+----------+----------------------------------------------------------------------------------------------------------+
; Carryout ; Output ; Warning  ; Declared by entity but not connected by instance. Logic that only feeds a dangling port will be removed. ;
+----------+--------+----------+----------------------------------------------------------------------------------------------------------+


+--------------------------------------------------------------------------------------------------------------------------------------------------------------------------------------------------------------------+
; Port Connectivity Checks: "sumador:mysumador"                                                                                                                                                                      ;
+-----------+--------+----------+------------------------------------------------------------------------------------------------------------------------------------------------------------------------------------+
; Port      ; Type   ; Severity ; Details                                                                                                                                                                            ;
+-----------+--------+----------+------------------------------------------------------------------------------------------------------------------------------------------------------------------------------------+
; Cin       ; Input  ; Warning  ; Input port expression (32 bits) is wider than the input port (4 bits) it drives.  The 28 most-significant bit(s) in the expression will be dangling if they have no other fanouts. ;
; Cin[3..0] ; Input  ; Info     ; Stuck at GND                                                                                                                                                                       ;
; Cout      ; Output ; Info     ; Connected to dangling logic. Logic that only feeds a dangling port will be removed.                                                                                                ;
+-----------+--------+----------+------------------------------------------------------------------------------------------------------------------------------------------------------------------------------------+


+---------------------------------+
; Analysis & Elaboration Messages ;
+---------------------------------+
Info: *******************************************************************
Info: Running Quartus Prime Analysis & Elaboration
    Info: Version 22.1std.0 Build 915 10/25/2022 SC Lite Edition
    Info: Processing started: Tue Mar  5 17:15:03 2024
Info: Command: quartus_map --read_settings_files=on --write_settings_files=off Calculadora -c Calculadora --analysis_and_elaboration
Warning (18236): Number of processors has not been specified which may cause overloading on shared machines.  Set the global assignment NUM_PARALLEL_PROCESSORS in your QSF to an appropriate value for best performance.
Info (20030): Parallel compilation is enabled and will use 4 of the 4 processors detected
Info (12021): Found 1 design units, including 1 entities, in source file sumador1bit.sv
    Info (12023): Found entity 1: sumador1bit File: C:/Users/Luis/Desktop/Problema2gitlab/L_gonzalez_digital_design_lab_II/problem1/sumador1bit.sv Line: 1
Info (12021): Found 1 design units, including 1 entities, in source file sumador.sv
    Info (12023): Found entity 1: sumador File: C:/Users/Luis/Desktop/Problema2gitlab/L_gonzalez_digital_design_lab_II/problem1/sumador.sv Line: 1
Info (12021): Found 1 design units, including 1 entities, in source file testbench.sv
    Info (12023): Found entity 1: testbench File: C:/Users/Luis/Desktop/Problema2gitlab/L_gonzalez_digital_design_lab_II/problem1/testbench.sv Line: 1
Info (12021): Found 1 design units, including 1 entities, in source file divisor.sv
    Info (12023): Found entity 1: Divisor File: C:/Users/Luis/Desktop/Problema2gitlab/L_gonzalez_digital_design_lab_II/problem1/Divisor.sv Line: 1
Info (12021): Found 1 design units, including 1 entities, in source file divisor_tb.sv
    Info (12023): Found entity 1: Divisor_tb File: C:/Users/Luis/Desktop/Problema2gitlab/L_gonzalez_digital_design_lab_II/problem1/Divisor_tb.sv Line: 3
Info (12021): Found 2 design units, including 2 entities, in source file inversor.sv
    Info (12023): Found entity 1: inversor File: C:/Users/Luis/Desktop/Problema2gitlab/L_gonzalez_digital_design_lab_II/problem1/inversor.sv Line: 1
    Info (12023): Found entity 2: nand_d File: C:/Users/Luis/Desktop/Problema2gitlab/L_gonzalez_digital_design_lab_II/problem1/inversor.sv Line: 42
Info (12021): Found 1 design units, including 1 entities, in source file restador.sv
    Info (12023): Found entity 1: restador File: C:/Users/Luis/Desktop/Problema2gitlab/L_gonzalez_digital_design_lab_II/problem1/restador.sv Line: 1
Info (12021): Found 1 design units, including 1 entities, in source file restador_tb.sv
    Info (12023): Found entity 1: restador_tb File: C:/Users/Luis/Desktop/Problema2gitlab/L_gonzalez_digital_design_lab_II/problem1/restador_tb.sv Line: 2
Info (12021): Found 1 design units, including 1 entities, in source file multiplicador.sv
    Info (12023): Found entity 1: multiplicador File: C:/Users/Luis/Desktop/Problema2gitlab/L_gonzalez_digital_design_lab_II/problem1/multiplicador.sv Line: 1
Info (12021): Found 1 design units, including 1 entities, in source file multiplicador_tb.sv
    Info (12023): Found entity 1: multiplicador_tb File: C:/Users/Luis/Desktop/Problema2gitlab/L_gonzalez_digital_design_lab_II/problem1/multiplicador_tb.sv Line: 1
Info (12021): Found 1 design units, including 1 entities, in source file andoperation.sv
    Info (12023): Found entity 1: andoperation File: C:/Users/Luis/Desktop/Problema2gitlab/L_gonzalez_digital_design_lab_II/problem1/andoperation.sv Line: 1
Info (12021): Found 1 design units, including 1 entities, in source file andoperation_tb.sv
    Info (12023): Found entity 1: andoperation_tb File: C:/Users/Luis/Desktop/Problema2gitlab/L_gonzalez_digital_design_lab_II/problem1/andoperation_tb.sv Line: 1
Info (12021): Found 1 design units, including 1 entities, in source file oroperator.sv
    Info (12023): Found entity 1: oroperator File: C:/Users/Luis/Desktop/Problema2gitlab/L_gonzalez_digital_design_lab_II/problem1/oroperator.sv Line: 1
Info (12021): Found 1 design units, including 1 entities, in source file oroperator_tb.sv
    Info (12023): Found entity 1: oroperator_tb File: C:/Users/Luis/Desktop/Problema2gitlab/L_gonzalez_digital_design_lab_II/problem1/oroperator_tb.sv Line: 1
Info (12021): Found 1 design units, including 1 entities, in source file xoroperator.sv
    Info (12023): Found entity 1: xoroperator File: C:/Users/Luis/Desktop/Problema2gitlab/L_gonzalez_digital_design_lab_II/problem1/xoroperator.sv Line: 1
Info (12021): Found 1 design units, including 1 entities, in source file xoroperator_tb.sv
    Info (12023): Found entity 1: xoroperator_tb File: C:/Users/Luis/Desktop/Problema2gitlab/L_gonzalez_digital_design_lab_II/problem1/xoroperator_tb.sv Line: 1
Info (12021): Found 1 design units, including 1 entities, in source file shiftleft.sv
    Info (12023): Found entity 1: shiftleft File: C:/Users/Luis/Desktop/Problema2gitlab/L_gonzalez_digital_design_lab_II/problem1/shiftleft.sv Line: 1
Info (12021): Found 1 design units, including 1 entities, in source file shiftleft_tb.sv
    Info (12023): Found entity 1: shiftleft_tb File: C:/Users/Luis/Desktop/Problema2gitlab/L_gonzalez_digital_design_lab_II/problem1/shiftleft_tb.sv Line: 1
Info (12021): Found 1 design units, including 1 entities, in source file shiftright.sv
    Info (12023): Found entity 1: shiftright File: C:/Users/Luis/Desktop/Problema2gitlab/L_gonzalez_digital_design_lab_II/problem1/shiftright.sv Line: 1
Info (12021): Found 1 design units, including 1 entities, in source file shiftright_tb.sv
    Info (12023): Found entity 1: shiftright_tb File: C:/Users/Luis/Desktop/Problema2gitlab/L_gonzalez_digital_design_lab_II/problem1/shiftright_tb.sv Line: 1
Info (12021): Found 1 design units, including 1 entities, in source file calculator.sv
    Info (12023): Found entity 1: Calculator File: C:/Users/Luis/Desktop/Problema2gitlab/L_gonzalez_digital_design_lab_II/problem1/Calculator.sv Line: 1
Info (12021): Found 1 design units, including 1 entities, in source file calculator_tb.sv
    Info (12023): Found entity 1: Calculator_tb File: C:/Users/Luis/Desktop/Problema2gitlab/L_gonzalez_digital_design_lab_II/problem1/Calculator_tb.sv Line: 3
Info (12127): Elaborating entity "Calculator" for the top level hierarchy
Info (12128): Elaborating entity "sumador" for hierarchy "sumador:mysumador" File: C:/Users/Luis/Desktop/Problema2gitlab/L_gonzalez_digital_design_lab_II/problem1/Calculator.sv Line: 25
Warning (10230): Verilog HDL assignment warning at sumador.sv(6): truncated value with size 4 to match size of target (1) File: C:/Users/Luis/Desktop/Problema2gitlab/L_gonzalez_digital_design_lab_II/problem1/sumador.sv Line: 6
Info (12128): Elaborating entity "sumador1bit" for hierarchy "sumador:mysumador|sumador1bit:forloop[0].misumador" File: C:/Users/Luis/Desktop/Problema2gitlab/L_gonzalez_digital_design_lab_II/problem1/sumador.sv Line: 10
Info (12128): Elaborating entity "restador" for hierarchy "restador:myrestador" File: C:/Users/Luis/Desktop/Problema2gitlab/L_gonzalez_digital_design_lab_II/problem1/Calculator.sv Line: 26
Info (12128): Elaborating entity "inversor" for hierarchy "restador:myrestador|inversor:inverter" File: C:/Users/Luis/Desktop/Problema2gitlab/L_gonzalez_digital_design_lab_II/problem1/restador.sv Line: 11
Info (12128): Elaborating entity "nand_d" for hierarchy "restador:myrestador|inversor:inverter|nand_d:loop[0].nand_inst" File: C:/Users/Luis/Desktop/Problema2gitlab/L_gonzalez_digital_design_lab_II/problem1/inversor.sv Line: 25
Info (12128): Elaborating entity "multiplicador" for hierarchy "multiplicador:mymultiplicador" File: C:/Users/Luis/Desktop/Problema2gitlab/L_gonzalez_digital_design_lab_II/problem1/Calculator.sv Line: 27
Warning (12125): Using design file multiplicador_1bit.sv, which is not specified as a design file for the current project, but contains definitions for 1 design units and 1 entities in project
    Info (12023): Found entity 1: Multiplicador_1bit File: C:/Users/Luis/Desktop/Problema2gitlab/L_gonzalez_digital_design_lab_II/problem1/multiplicador_1bit.sv Line: 1
Info (12128): Elaborating entity "Multiplicador_1bit" for hierarchy "multiplicador:mymultiplicador|Multiplicador_1bit:loop[0].mimultiplicador" File: C:/Users/Luis/Desktop/Problema2gitlab/L_gonzalez_digital_design_lab_II/problem1/multiplicador.sv Line: 22
Info (12128): Elaborating entity "sumador" for hierarchy "multiplicador:mymultiplicador|sumador:loop[0].misumador" File: C:/Users/Luis/Desktop/Problema2gitlab/L_gonzalez_digital_design_lab_II/problem1/multiplicador.sv Line: 30
Warning (10230): Verilog HDL assignment warning at sumador.sv(6): truncated value with size 7 to match size of target (1) File: C:/Users/Luis/Desktop/Problema2gitlab/L_gonzalez_digital_design_lab_II/problem1/sumador.sv Line: 6
Info (12128): Elaborating entity "Multiplicador_1bit" for hierarchy "multiplicador:mymultiplicador|Multiplicador_1bit:loop[1].mimultiplicador" File: C:/Users/Luis/Desktop/Problema2gitlab/L_gonzalez_digital_design_lab_II/problem1/multiplicador.sv Line: 22
Info (12128): Elaborating entity "Multiplicador_1bit" for hierarchy "multiplicador:mymultiplicador|Multiplicador_1bit:loop[2].mimultiplicador" File: C:/Users/Luis/Desktop/Problema2gitlab/L_gonzalez_digital_design_lab_II/problem1/multiplicador.sv Line: 22
Info (12128): Elaborating entity "Multiplicador_1bit" for hierarchy "multiplicador:mymultiplicador|Multiplicador_1bit:loop[3].mimultiplicador" File: C:/Users/Luis/Desktop/Problema2gitlab/L_gonzalez_digital_design_lab_II/problem1/multiplicador.sv Line: 22
Info (12128): Elaborating entity "Divisor" for hierarchy "Divisor:mydivisor" File: C:/Users/Luis/Desktop/Problema2gitlab/L_gonzalez_digital_design_lab_II/problem1/Calculator.sv Line: 28
Warning (10230): Verilog HDL assignment warning at Divisor.sv(24): truncated value with size 32 to match size of target (4) File: C:/Users/Luis/Desktop/Problema2gitlab/L_gonzalez_digital_design_lab_II/problem1/Divisor.sv Line: 24
Info (12128): Elaborating entity "andoperation" for hierarchy "andoperation:myand" File: C:/Users/Luis/Desktop/Problema2gitlab/L_gonzalez_digital_design_lab_II/problem1/Calculator.sv Line: 30
Info (12128): Elaborating entity "oroperator" for hierarchy "oroperator:myor" File: C:/Users/Luis/Desktop/Problema2gitlab/L_gonzalez_digital_design_lab_II/problem1/Calculator.sv Line: 31
Info (12128): Elaborating entity "xoroperator" for hierarchy "xoroperator:myxor" File: C:/Users/Luis/Desktop/Problema2gitlab/L_gonzalez_digital_design_lab_II/problem1/Calculator.sv Line: 32
Info (12128): Elaborating entity "shiftleft" for hierarchy "shiftleft:myshiftl" File: C:/Users/Luis/Desktop/Problema2gitlab/L_gonzalez_digital_design_lab_II/problem1/Calculator.sv Line: 33
Info (12128): Elaborating entity "shiftright" for hierarchy "shiftright:myshiftr" File: C:/Users/Luis/Desktop/Problema2gitlab/L_gonzalez_digital_design_lab_II/problem1/Calculator.sv Line: 34
Warning (12020): Port "Cin" on the entity instantiation of "misumador" is connected to a signal of width 32. The formal width of the signal in the module is 4.  The extra bits will be ignored. File: C:/Users/Luis/Desktop/Problema2gitlab/L_gonzalez_digital_design_lab_II/problem1/inversor.sv Line: 31
Warning (12010): Port "a" on the entity instantiation of "loop[3].nand_inst" is connected to a signal of width 1. The formal width of the signal in the module is 2.  The extra bits will be driven by GND. File: C:/Users/Luis/Desktop/Problema2gitlab/L_gonzalez_digital_design_lab_II/problem1/inversor.sv Line: 25
Warning (12010): Port "b" on the entity instantiation of "loop[3].nand_inst" is connected to a signal of width 1. The formal width of the signal in the module is 2.  The extra bits will be driven by GND. File: C:/Users/Luis/Desktop/Problema2gitlab/L_gonzalez_digital_design_lab_II/problem1/inversor.sv Line: 25
Warning (12030): Port "y" on the entity instantiation of "loop[3].nand_inst" is connected to a signal of width 1. The formal width of the signal in the module is 2.  The extra bits will be left dangling without any fan-out logic. File: C:/Users/Luis/Desktop/Problema2gitlab/L_gonzalez_digital_design_lab_II/problem1/inversor.sv Line: 25
Warning (12010): Port "a" on the entity instantiation of "loop[2].nand_inst" is connected to a signal of width 1. The formal width of the signal in the module is 2.  The extra bits will be driven by GND. File: C:/Users/Luis/Desktop/Problema2gitlab/L_gonzalez_digital_design_lab_II/problem1/inversor.sv Line: 25
Warning (12010): Port "b" on the entity instantiation of "loop[2].nand_inst" is connected to a signal of width 1. The formal width of the signal in the module is 2.  The extra bits will be driven by GND. File: C:/Users/Luis/Desktop/Problema2gitlab/L_gonzalez_digital_design_lab_II/problem1/inversor.sv Line: 25
Warning (12030): Port "y" on the entity instantiation of "loop[2].nand_inst" is connected to a signal of width 1. The formal width of the signal in the module is 2.  The extra bits will be left dangling without any fan-out logic. File: C:/Users/Luis/Desktop/Problema2gitlab/L_gonzalez_digital_design_lab_II/problem1/inversor.sv Line: 25
Warning (12010): Port "a" on the entity instantiation of "loop[1].nand_inst" is connected to a signal of width 1. The formal width of the signal in the module is 2.  The extra bits will be driven by GND. File: C:/Users/Luis/Desktop/Problema2gitlab/L_gonzalez_digital_design_lab_II/problem1/inversor.sv Line: 25
Warning (12010): Port "b" on the entity instantiation of "loop[1].nand_inst" is connected to a signal of width 1. The formal width of the signal in the module is 2.  The extra bits will be driven by GND. File: C:/Users/Luis/Desktop/Problema2gitlab/L_gonzalez_digital_design_lab_II/problem1/inversor.sv Line: 25
Warning (12030): Port "y" on the entity instantiation of "loop[1].nand_inst" is connected to a signal of width 1. The formal width of the signal in the module is 2.  The extra bits will be left dangling without any fan-out logic. File: C:/Users/Luis/Desktop/Problema2gitlab/L_gonzalez_digital_design_lab_II/problem1/inversor.sv Line: 25
Warning (12010): Port "a" on the entity instantiation of "loop[0].nand_inst" is connected to a signal of width 1. The formal width of the signal in the module is 2.  The extra bits will be driven by GND. File: C:/Users/Luis/Desktop/Problema2gitlab/L_gonzalez_digital_design_lab_II/problem1/inversor.sv Line: 25
Warning (12010): Port "b" on the entity instantiation of "loop[0].nand_inst" is connected to a signal of width 1. The formal width of the signal in the module is 2.  The extra bits will be driven by GND. File: C:/Users/Luis/Desktop/Problema2gitlab/L_gonzalez_digital_design_lab_II/problem1/inversor.sv Line: 25
Warning (12030): Port "y" on the entity instantiation of "loop[0].nand_inst" is connected to a signal of width 1. The formal width of the signal in the module is 2.  The extra bits will be left dangling without any fan-out logic. File: C:/Users/Luis/Desktop/Problema2gitlab/L_gonzalez_digital_design_lab_II/problem1/inversor.sv Line: 25
Warning (12241): 14 hierarchies have connectivity warnings - see the Connectivity Checks report folder
Info: Quartus Prime Analysis & Elaboration was successful. 0 errors, 19 warnings
    Info: Peak virtual memory: 4777 megabytes
    Info: Processing ended: Tue Mar  5 17:15:20 2024
    Info: Elapsed time: 00:00:17
    Info: Total CPU time (on all processors): 00:00:36


